#
# There is insufficient memory for the Java Runtime Environment to continue.
# Native memory allocation (malloc) failed to allocate 1048576 bytes for AllocateHeap
# Possible reasons:
#   The system is out of physical RAM or swap space
#   The process is running with CompressedOops enabled, and the Java Heap may be blocking the growth of the native heap
# Possible solutions:
#   Reduce memory load on the system
#   Increase physical memory or swap space
#   Check if swap backing store is full
#   Decrease Java heap size (-Xmx/-Xms)
#   Decrease number of Java threads
#   Decrease Java thread stack sizes (-Xss)
#   Set larger code cache with -XX:ReservedCodeCacheSize=
#   JVM is running with Zero Based Compressed Oops mode in which the Java heap is
#     placed in the first 32GB address space. The Java Heap base address is the
#     maximum limit for the native heap growth. Please use -XX:HeapBaseMinAddress
#     to set the Java Heap base and to place the Java Heap above 32GB virtual address.
# This output file may be truncated or incomplete.
#
#  Out of Memory Error (memory/allocation.inline.hpp:61), pid=21836, tid=0x0000000000003cd8
#
# JRE version:  (8.0_201-b09) (build )
# Java VM: Java HotSpot(TM) 64-Bit Server VM (25.201-b09 mixed mode windows-amd64 compressed oops)
# Failed to write core dump. Minidumps are not enabled by default on client versions of Windows
#

---------------  T H R E A D  ---------------

Current thread (0x0000000002a37000):  JavaThread "Unknown thread" [_thread_in_vm, id=15576, stack(0x0000000002930000,0x0000000002a30000)]

Stack: [0x0000000002930000,0x0000000002a30000]
[error occurred during error reporting (printing stack bounds), id 0xc0000005]

Native frames: (J=compiled Java code, j=interpreted, Vv=VM code, C=native code)


---------------  P R O C E S S  ---------------

Java Threads: ( => current thread )

Other Threads:

=>0x0000000002a37000 (exited) JavaThread "Unknown thread" [_thread_in_vm, id=15576, stack(0x0000000002930000,0x0000000002a30000)]

VM state:not at safepoint (normal execution)

VM Mutex/Monitor currently owned by a thread: None

heap address: 0x00000006c0e00000, size: 4082 MB, Compressed Oops mode: Zero based, Oop shift amount: 3
Narrow klass base: 0x0000000000000000, Narrow klass shift: 3
Compressed class space size: 1073741824 Address: 0x00000007c0000000

Heap:
 PSYoungGen      total 76288K, used 1310K [0x000000076af80000, 0x0000000770480000, 0x00000007c0000000)
  eden space 65536K, 2% used [0x000000076af80000,0x000000076b0c7af0,0x000000076ef80000)
  from space 10752K, 0% used [0x000000076fa00000,0x000000076fa00000,0x0000000770480000)
  to   space 10752K, 0% used [0x000000076ef80000,0x000000076ef80000,0x000000076fa00000)
 ParOldGen       total 175104K, used 0K [0x00000006c0e00000, 0x00000006cb900000, 0x000000076af80000)
  object space 175104K, 0% used [0x00000006c0e00000,0x00000006c0e00000,0x00000006cb900000)
 Metaspace       used 775K, capacity 4480K, committed 4480K, reserved 1056768K
  class space    used 76K, capacity 384K, committed 384K, reserved 1048576K

Card table byte_map: [0x0000000011ef0000,0x00000000126f0000] byte_map_base: 0x000000000e8e9000

Marking Bits: (ParMarkBitMap*) 0x00000000640c4ce0
 Begin Bits: [0x0000000013950000, 0x0000000017918000)
 End Bits:   [0x0000000017918000, 0x000000001b8e0000)

Polling page: 0x0000000000ff0000

CodeCache: size=245760Kb used=328Kb max_used=328Kb free=245431Kb
 bounds [0x0000000002b30000, 0x0000000002da0000, 0x0000000011b30000]
 total_blobs=58 nmethods=0 adapters=38
 compilation: enabled

Compilation events (0 events):
No events

GC Heap History (0 events):
No events

Deoptimization events (0 events):
No events

Classes redefined (0 events):
No events

Internal exceptions (0 events):
No events

Events (10 events):
Event: 0.017 loading class java/lang/Short
Event: 0.017 loading class java/lang/Short done
Event: 0.017 loading class java/lang/Integer
Event: 0.017 loading class java/lang/Integer done
Event: 0.017 loading class java/lang/Long
Event: 0.017 loading class java/lang/Long done
Event: 0.017 loading class java/lang/NullPointerException
Event: 0.017 loading class java/lang/NullPointerException done
Event: 0.017 loading class java/lang/ArithmeticException
Event: 0.017 loading class java/lang/ArithmeticException done


Dynamic libraries:
0x00007ff6306d0000 - 0x00007ff630707000 	D:\developmentKit\jdk\jre\bin\java.exe
0x00007ff84ac30000 - 0x00007ff84ae25000 	C:\WINDOWS\SYSTEM32\ntdll.dll
0x00007ff84a750000 - 0x00007ff84a80e000 	C:\WINDOWS\System32\KERNEL32.DLL
0x00007ff848350000 - 0x00007ff848618000 	C:\WINDOWS\System32\KERNELBASE.dll
0x00007ff848c80000 - 0x00007ff848d2c000 	C:\WINDOWS\System32\ADVAPI32.dll
0x00007ff84a9b0000 - 0x00007ff84aa4e000 	C:\WINDOWS\System32\msvcrt.dll
0x00007ff849060000 - 0x00007ff8490fb000 	C:\WINDOWS\System32\sechost.dll
0x00007ff849ee0000 - 0x00007ff84a00a000 	C:\WINDOWS\System32\RPCRT4.dll
0x00007ff849100000 - 0x00007ff8492a1000 	C:\WINDOWS\System32\USER32.dll
0x00007ff8489a0000 - 0x00007ff8489c2000 	C:\WINDOWS\System32\win32u.dll
0x00007ff849e20000 - 0x00007ff849e4b000 	C:\WINDOWS\System32\GDI32.dll
0x00007ff848b70000 - 0x00007ff848c7b000 	C:\WINDOWS\System32\gdi32full.dll
0x00007ff8487a0000 - 0x00007ff84883d000 	C:\WINDOWS\System32\msvcp_win.dll
0x00007ff848670000 - 0x00007ff848770000 	C:\WINDOWS\System32\ucrtbase.dll
0x00007ff8366a0000 - 0x00007ff83693a000 	C:\WINDOWS\WinSxS\amd64_microsoft.windows.common-controls_6595b64144ccf1df_6.0.19041.1110_none_60b5254171f9507e\COMCTL32.dll
0x00007ff848ef0000 - 0x00007ff848f20000 	C:\WINDOWS\System32\IMM32.DLL
0x0000000064150000 - 0x0000000064221000 	D:\developmentKit\jdk\jre\bin\msvcr100.dll
0x00000000638a0000 - 0x0000000064144000 	D:\developmentKit\jdk\jre\bin\server\jvm.dll
0x00007ff849320000 - 0x00007ff849328000 	C:\WINDOWS\System32\PSAPI.DLL
0x00007ff83d6f0000 - 0x00007ff83d6f9000 	C:\WINDOWS\SYSTEM32\WSOCK32.dll
0x00007ff83df50000 - 0x00007ff83df77000 	C:\WINDOWS\SYSTEM32\WINMM.dll
0x00007ff847ed0000 - 0x00007ff847eda000 	C:\WINDOWS\SYSTEM32\VERSION.dll
0x00007ff8492b0000 - 0x00007ff84931b000 	C:\WINDOWS\System32\WS2_32.dll
0x00007ff833180000 - 0x00007ff83318f000 	D:\developmentKit\jdk\jre\bin\verify.dll
0x00007ff831de0000 - 0x00007ff831e09000 	D:\developmentKit\jdk\jre\bin\java.dll
0x00007ff82e8e0000 - 0x00007ff82e8f6000 	D:\developmentKit\jdk\jre\bin\zip.dll

VM Arguments:
java_command: org.jetbrains.kotlin.cli.jvm.K2JVMCompiler @D:\working_workspace\waterproof_project\6.code\newWaterproofApp\node_modules\react-native-screens\android\build\20211213_1411270214758990835.compiler.options
java_class_path (initial): C:\Users\hy\.gradle\caches\modules-2\files-2.1\org.jetbrains.kotlin\kotlin-compiler-embeddable\1.4.10\38c4b99d5d5362debdd9302a866730379aa2328a\kotlin-compiler-embeddable-1.4.10.jar;C:\Users\hy\.gradle\caches\modules-2\files-2.1\org.jetbrains.kotlin\kotlin-reflect\1.4.10\e2b3c6695eee6085e606d96d685396dce23a3a06\kotlin-reflect-1.4.10.jar;C:\Users\hy\.gradle\caches\modules-2\files-2.1\org.jetbrains.kotlin\kotlin-stdlib\1.4.10\ea29e063d2bbe695be13e9d044dcfb0c7add398e\kotlin-stdlib-1.4.10.jar;C:\Users\hy\.gradle\caches\modules-2\files-2.1\org.jetbrains.kotlin\kotlin-script-runtime\1.4.10\7c19d9c2001e016cd7664cebe9eea66fc04a7f4f\kotlin-script-runtime-1.4.10.jar;C:\Users\hy\.gradle\caches\modules-2\files-2.1\org.jetbrains.kotlin\kotlin-daemon-embeddable\1.4.10\dbd67f42bed28043d17d7c860b06110a00a45970\kotlin-daemon-embeddable-1.4.10.jar;C:\Users\hy\.gradle\caches\modules-2\files-2.1\org.jetbrains.intellij.deps\trove4j\1.0.20181211\216c2e14b070f334479d800987affe4054cd563f\trove4j-1.0.20181211.jar;C:\Users\hy\.gradle\caches\modules-2\files-2.1\org.jetbrains.kotlin\kotlin-stdlib-common\1.4.10\6229be3465805c99db1142ad75e6c6ddeac0b04c\kotlin-stdlib-common-1.4.10.jar;C:\Users\hy\.gradle\caches\modules-2\files-2.1\org.jetbrains\annotations\13.0\919f0dfe192fb4e063e7dacadee7f8bb9a2672a9\annotations-13.0.jar;D:\developmentKit\jdk\lib\tools.jar
Launcher Type: SUN_STANDARD

Environment Variables:
JAVA_HOME=D:\developmentKit\jdk
CLASSPATH=D:\working_workspace\waterproof_project\6.code\newWaterproofApp\android\\gradle\wrapper\gradle-wrapper.jar
PATH=D:\working_workspace\waterproof_project\6.code\newWaterproofApp\android\node_modules\.bin;D:\working_workspace\waterproof_project\6.code\newWaterproofApp\node_modules\.bin;D:\working_workspace\waterproof_project\6.code\node_modules\.bin;D:\working_workspace\waterproof_project\node_modules\.bin;D:\working_workspace\node_modules\.bin;D:\node_modules\.bin;C:\Program Files\nodejs;C:\Users\hy\AppData\Local\Temp\yarn--1639364647636-0.8521245211705089;D:\working_workspace\waterproof_project\6.code\newWaterproofApp\node_modules\.bin;C:\Users\hy\AppData\Local\Yarn\Data\link\node_modules\.bin;C:\Users\hy\AppData\Local\Yarn\bin;C:\Program Files\libexec\lib\node_modules\npm\bin\node-gyp-bin;C:\Program Files\lib\node_modules\npm\bin\node-gyp-bin;C:\Program Files\nodejs\node_modules\npm\bin\node-gyp-bin;C:\Program Files (x86)\Common Files\Oracle\Java\javapath;C:\WINDOWS\system32;C:\WINDOWS;C:\WINDOWS\System32\Wbem;C:\WINDOWS\System32\WindowsPowerShell\v1.0\;C:\devTool\maven\bin\;node_modules\npm\node_modules\;C:\Users\hy\AppData\Local\Android\Sdk\platform-tools\;C:\Users\hy\AppData\Local\Android\Sdk\emulator\;C:\Users\hy\AppData\Local\Android\Sdk\tools\;C:\Users\hy\AppData\Local\Android\Sdk\tools\bin\;C:\WINDOWS\System32\OpenSSH\;D:\developmentKit\jdk\bin;D:\developmentKit\jdk\jre\bin;C:\Users\hy\AppData\Roaming\nvm;C:\Program Files\nodejs;C:\Program Files\nodejs\node.exe;C:\Program Files (x86)\Groovy\bin;D:\developmentKit\gradle-4.4.1-all\gradle-4.4.1\bin\bin;D:\developmentKit\Git\cmd;D:\Python2.7;C:\Program Files\nodejs\;C:\ProgramData\chocolatey\bin;D:\developmentKit\mingw64\bin;C:\Program Files (x86)\IncrediBuild;C:\Users\hy\AppData\Local\Microsoft\WindowsApps;D:\360Downloads\Software\IntelliJIDEA\bin;;D:\developmentKit\IntelliJ_IDEA\bin;;C:\Users\hy\AppData\Roaming\nvm;C:\Program Files\nodejs;D:\software\Microsoft VS Code\bin;C:\Users\hy\AppData\Roaming\npm;;D:\software\CLion 2019.1\bin;;D:\software\WebStorm 2021.2.1\bin;
USERNAME=hy
OS=Windows_NT
PROCESSOR_IDENTIFIER=Intel64 Family 6 Model 165 Stepping 5, GenuineIntel



---------------  S Y S T E M  ---------------

OS: Windows 10.0 , 64 bit Build 19041 (10.0.19041.1348)

CPU:total 16 (initial active 16) (8 cores per cpu, 2 threads per core) family 6 model 165 stepping 5, cmov, cx8, fxsr, mmx, sse, sse2, sse3, ssse3, sse4.1, sse4.2, popcnt, avx, avx2, aes, clmul, erms, 3dnowpref, lzcnt, ht, tsc, tscinvbit, bmi1, bmi2, adx

Memory: 4k page, physical 16713740k(776132k free), swap 61978380k(5296k free)

vm_info: Java HotSpot(TM) 64-Bit Server VM (25.201-b09) for windows-amd64 JRE (1.8.0_201-b09), built on Dec 15 2018 18:36:39 by "java_re" with MS VC++ 10.0 (VS2010)

time: Mon Dec 13 11:05:03 2021
timezone: 中国标准时间
elapsed time: 0 seconds (0d 0h 0m 0s)

