#
# There is insufficient memory for the Java Runtime Environment to continue.
# Native memory allocation (malloc) failed to allocate 428976 bytes for Chunk::new
# Possible reasons:
#   The system is out of physical RAM or swap space
#   The process is running with CompressedOops enabled, and the Java Heap may be blocking the growth of the native heap
# Possible solutions:
#   Reduce memory load on the system
#   Increase physical memory or swap space
#   Check if swap backing store is full
#   Decrease Java heap size (-Xmx/-Xms)
#   Decrease number of Java threads
#   Decrease Java thread stack sizes (-Xss)
#   Set larger code cache with -XX:ReservedCodeCacheSize=
#   JVM is running with Zero Based Compressed Oops mode in which the Java heap is
#     placed in the first 32GB address space. The Java Heap base address is the
#     maximum limit for the native heap growth. Please use -XX:HeapBaseMinAddress
#     to set the Java Heap base and to place the Java Heap above 32GB virtual address.
# This output file may be truncated or incomplete.
#
#  Out of Memory Error (allocation.cpp:390), pid=36172, tid=0x0000000000005c28
#
# JRE version: Java(TM) SE Runtime Environment (8.0_201-b09) (build 1.8.0_201-b09)
# Java VM: Java HotSpot(TM) 64-Bit Server VM (25.201-b09 mixed mode windows-amd64 compressed oops)
# Failed to write core dump. Minidumps are not enabled by default on client versions of Windows
#

---------------  T H R E A D  ---------------

Current thread (0x000000001efe6800):  JavaThread "C2 CompilerThread7" daemon [_thread_in_native, id=23592, stack(0x0000000021230000,0x0000000021330000)]

Stack: [0x0000000021230000,0x0000000021330000]
[error occurred during error reporting (printing stack bounds), id 0xc0000005]

Native frames: (J=compiled Java code, j=interpreted, Vv=VM code, C=native code)


Current CompileTask:
C2:   6630 9990       4       org.jetbrains.org.objectweb.asm.ClassReader::readElementValue (1237 bytes)


---------------  P R O C E S S  ---------------

Java Threads: ( => current thread )
  0x000000001f086800 JavaThread "Service Thread" daemon [_thread_blocked, id=37104, stack(0x0000000021830000,0x0000000021930000)]
  0x000000001efe8800 JavaThread "C1 CompilerThread11" daemon [_thread_blocked, id=21896, stack(0x0000000021730000,0x0000000021830000)]
  0x000000001efe7000 JavaThread "C1 CompilerThread10" daemon [_thread_in_native, id=33056, stack(0x0000000021630000,0x0000000021730000)]
  0x000000001efe9800 JavaThread "C1 CompilerThread9" daemon [_thread_in_native, id=34944, stack(0x0000000021430000,0x0000000021530000)]
  0x000000001efe5800 JavaThread "C1 CompilerThread8" daemon [_thread_blocked, id=13444, stack(0x0000000021330000,0x0000000021430000)]
=>0x000000001efe6800 JavaThread "C2 CompilerThread7" daemon [_thread_in_native, id=23592, stack(0x0000000021230000,0x0000000021330000)]
  0x000000001efb8000 JavaThread "C2 CompilerThread6" daemon [_thread_in_native, id=21356, stack(0x0000000021130000,0x0000000021230000)]
  0x000000001efaf000 JavaThread "C2 CompilerThread5" daemon [_thread_in_native, id=31216, stack(0x0000000021030000,0x0000000021130000)]
  0x000000001efa0800 JavaThread "C2 CompilerThread4" daemon [_thread_in_native, id=24880, stack(0x0000000020f30000,0x0000000021030000)]
  0x000000001ef9f000 JavaThread "C2 CompilerThread3" daemon [_thread_blocked, id=2044, stack(0x0000000020e30000,0x0000000020f30000)]
  0x000000001ef9b800 JavaThread "C2 CompilerThread2" daemon [_thread_in_native, id=1544, stack(0x0000000020d30000,0x0000000020e30000)]
  0x000000001ef97800 JavaThread "C2 CompilerThread1" daemon [_thread_blocked, id=35092, stack(0x0000000020c30000,0x0000000020d30000)]
  0x000000001ef93800 JavaThread "C2 CompilerThread0" daemon [_thread_blocked, id=464, stack(0x0000000020b30000,0x0000000020c30000)]
  0x000000001ef40800 JavaThread "Attach Listener" daemon [_thread_blocked, id=32592, stack(0x0000000020a30000,0x0000000020b30000)]
  0x000000001ef3d800 JavaThread "Signal Dispatcher" daemon [_thread_blocked, id=14484, stack(0x0000000020930000,0x0000000020a30000)]
  0x000000001d4a6800 JavaThread "Finalizer" daemon [_thread_blocked, id=28608, stack(0x0000000020790000,0x0000000020890000)]
  0x000000001ef16000 JavaThread "Reference Handler" daemon [_thread_blocked, id=35764, stack(0x0000000020690000,0x0000000020790000)]
  0x0000000003407000 JavaThread "main" [_thread_in_Java, id=23784, stack(0x0000000003300000,0x0000000003400000)]

Other Threads:
  0x000000001d496800 VMThread [stack: 0x0000000020590000,0x0000000020690000] [id=34624]
  0x000000001f06f800 WatcherThread [stack: 0x0000000021930000,0x0000000021a30000] [id=35880]

VM state:not at safepoint (normal execution)

VM Mutex/Monitor currently owned by a thread:  ([mutex/lock_event])
[0x0000000003402590] CodeCache_lock - owner thread: 0x000000001efe7000
[0x0000000003405770] Compile_lock - owner thread: 0x000000001efe7000
[0x0000000003403870] MethodCompileQueue_lock - owner thread: 0x000000001efe7000

heap address: 0x00000006c0e00000, size: 4082 MB, Compressed Oops mode: Zero based, Oop shift amount: 3
Narrow klass base: 0x0000000000000000, Narrow klass shift: 3
Compressed class space size: 1073741824 Address: 0x00000007c0000000

Heap:
 PSYoungGen      total 154112K, used 60618K [0x000000076af80000, 0x0000000777100000, 0x00000007c0000000)
  eden space 126464K, 26% used [0x000000076af80000,0x000000076cfb33f0,0x0000000772b00000)
  from space 27648K, 99% used [0x0000000774b00000,0x00000007765ff678,0x0000000776600000)
  to   space 32768K, 0% used [0x0000000772b00000,0x0000000772b00000,0x0000000774b00000)
 ParOldGen       total 115200K, used 42442K [0x00000006c0e00000, 0x00000006c7e80000, 0x000000076af80000)
  object space 115200K, 36% used [0x00000006c0e00000,0x00000006c3772a80,0x00000006c7e80000)
 Metaspace       used 57423K, capacity 58572K, committed 58880K, reserved 1101824K
  class space    used 7093K, capacity 7360K, committed 7424K, reserved 1048576K

Card table byte_map: [0x00000000128c0000,0x00000000130c0000] byte_map_base: 0x000000000f2b9000

Marking Bits: (ParMarkBitMap*) 0x00000000640c4ce0
 Begin Bits: [0x0000000014320000, 0x00000000182e8000)
 End Bits:   [0x00000000182e8000, 0x000000001c2b0000)

Polling page: 0x00000000014f0000

CodeCache: size=245760Kb used=39514Kb max_used=39514Kb free=206245Kb
 bounds [0x0000000003500000, 0x0000000005bc0000, 0x0000000012500000]
 total_blobs=9105 nmethods=8602 adapters=411
 compilation: enabled

Compilation events (10 events):
Event: 6.622 Thread 0x000000001efe8800 10062       3       org.jetbrains.kotlin.com.intellij.psi.impl.source.tree.PsiWhiteSpaceImpl::accept (14 bytes)
Event: 6.622 Thread 0x000000001efe9800 10063       3       org.jetbrains.kotlin.com.intellij.psi.PsiElementVisitor::visitWhiteSpace (6 bytes)
Event: 6.622 Thread 0x000000001efe9800 nmethod 10063 0x0000000005b9b550 code [0x0000000005b9b6c0, 0x0000000005b9b8c8]
Event: 6.622 Thread 0x000000001efe9800 10064       3       org.jetbrains.kotlin.resolve.calls.CallExpressionResolver::getSimpleNameExpressionTypeInfo (404 bytes)
Event: 6.622 Thread 0x000000001efe5800 10065       3       org.jetbrains.kotlin.resolve.calls.CallExpressionResolver::getVariableType (260 bytes)
Event: 6.622 Thread 0x000000001efe8800 nmethod 10062 0x0000000005ba0910 code [0x0000000005ba0aa0, 0x0000000005ba0e18]
Event: 6.625 Thread 0x000000001efe5800 nmethod 10065 0x0000000005ba0f50 code [0x0000000005ba1440, 0x0000000005ba4268]
Event: 6.627 Thread 0x000000001efe9800 nmethod 10064 0x0000000005ba5bd0 code [0x0000000005ba6560, 0x0000000005bad078]
Event: 6.628 Thread 0x000000001efe7000 10066       3       org.jetbrains.kotlin.resolve.lazy.descriptors.LazyClassMemberScope::getNonDeclaredClasses (55 bytes)
Event: 6.628 Thread 0x000000001efe8800 10067       3       org.jetbrains.kotlin.resolve.lazy.descriptors.LazyClassMemberScope::generateSyntheticCompanionObject (169 bytes)

GC Heap History (10 events):
Event: 2.003 GC heap before
{Heap before GC invocations=6 (full 2):
 PSYoungGen      total 76288K, used 10740K [0x000000076af80000, 0x0000000770480000, 0x00000007c0000000)
  eden space 65536K, 0% used [0x000000076af80000,0x000000076af80000,0x000000076ef80000)
  from space 10752K, 99% used [0x000000076fa00000,0x000000077047d338,0x0000000770480000)
  to   space 10752K, 0% used [0x000000076ef80000,0x000000076ef80000,0x000000076fa00000)
 ParOldGen       total 115200K, used 18960K [0x00000006c0e00000, 0x00000006c7e80000, 0x000000076af80000)
  object space 115200K, 16% used [0x00000006c0e00000,0x00000006c2084350,0x00000006c7e80000)
 Metaspace       used 34783K, capacity 35284K, committed 35496K, reserved 1081344K
  class space    used 4452K, capacity 4602K, committed 4608K, reserved 1048576K
Event: 2.034 GC heap after
Heap after GC invocations=6 (full 2):
 PSYoungGen      total 76288K, used 0K [0x000000076af80000, 0x0000000770480000, 0x00000007c0000000)
  eden space 65536K, 0% used [0x000000076af80000,0x000000076af80000,0x000000076ef80000)
  from space 10752K, 0% used [0x000000076fa00000,0x000000076fa00000,0x0000000770480000)
  to   space 10752K, 0% used [0x000000076ef80000,0x000000076ef80000,0x000000076fa00000)
 ParOldGen       total 115200K, used 20263K [0x00000006c0e00000, 0x00000006c7e80000, 0x000000076af80000)
  object space 115200K, 17% used [0x00000006c0e00000,0x00000006c21c9d68,0x00000006c7e80000)
 Metaspace       used 34783K, capacity 35284K, committed 35496K, reserved 1081344K
  class space    used 4452K, capacity 4602K, committed 4608K, reserved 1048576K
}
Event: 2.664 GC heap before
{Heap before GC invocations=7 (full 2):
 PSYoungGen      total 76288K, used 65536K [0x000000076af80000, 0x0000000770480000, 0x00000007c0000000)
  eden space 65536K, 100% used [0x000000076af80000,0x000000076ef80000,0x000000076ef80000)
  from space 10752K, 0% used [0x000000076fa00000,0x000000076fa00000,0x0000000770480000)
  to   space 10752K, 0% used [0x000000076ef80000,0x000000076ef80000,0x000000076fa00000)
 ParOldGen       total 115200K, used 20263K [0x00000006c0e00000, 0x00000006c7e80000, 0x000000076af80000)
  object space 115200K, 17% used [0x00000006c0e00000,0x00000006c21c9d68,0x00000006c7e80000)
 Metaspace       used 40538K, capacity 41168K, committed 41344K, reserved 1085440K
  class space    used 5082K, capacity 5228K, committed 5248K, reserved 1048576K
Event: 2.676 GC heap after
Heap after GC invocations=7 (full 2):
 PSYoungGen      total 76288K, used 10725K [0x000000076af80000, 0x0000000772b80000, 0x00000007c0000000)
  eden space 65536K, 0% used [0x000000076af80000,0x000000076af80000,0x000000076ef80000)
  from space 10752K, 99% used [0x000000076ef80000,0x000000076f9f9658,0x000000076fa00000)
  to   space 16896K, 0% used [0x0000000771b00000,0x0000000771b00000,0x0000000772b80000)
 ParOldGen       total 115200K, used 23338K [0x00000006c0e00000, 0x00000006c7e80000, 0x000000076af80000)
  object space 115200K, 20% used [0x00000006c0e00000,0x00000006c24cab60,0x00000006c7e80000)
 Metaspace       used 40538K, capacity 41168K, committed 41344K, reserved 1085440K
  class space    used 5082K, capacity 5228K, committed 5248K, reserved 1048576K
}
Event: 3.506 GC heap before
{Heap before GC invocations=8 (full 2):
 PSYoungGen      total 76288K, used 76261K [0x000000076af80000, 0x0000000772b80000, 0x00000007c0000000)
  eden space 65536K, 100% used [0x000000076af80000,0x000000076ef80000,0x000000076ef80000)
  from space 10752K, 99% used [0x000000076ef80000,0x000000076f9f9658,0x000000076fa00000)
  to   space 16896K, 0% used [0x0000000771b00000,0x0000000771b00000,0x0000000772b80000)
 ParOldGen       total 115200K, used 23338K [0x00000006c0e00000, 0x00000006c7e80000, 0x000000076af80000)
  object space 115200K, 20% used [0x00000006c0e00000,0x00000006c24cab60,0x00000006c7e80000)
 Metaspace       used 44543K, capacity 45296K, committed 45568K, reserved 1089536K
  class space    used 5372K, capacity 5552K, committed 5632K, reserved 1048576K
Event: 3.518 GC heap after
Heap after GC invocations=8 (full 2):
 PSYoungGen      total 107008K, used 16884K [0x000000076af80000, 0x0000000773080000, 0x00000007c0000000)
  eden space 90112K, 0% used [0x000000076af80000,0x000000076af80000,0x0000000770780000)
  from space 16896K, 99% used [0x0000000771b00000,0x0000000772b7d3d8,0x0000000772b80000)
  to   space 19968K, 0% used [0x0000000770780000,0x0000000770780000,0x0000000771b00000)
 ParOldGen       total 115200K, used 26948K [0x00000006c0e00000, 0x00000006c7e80000, 0x000000076af80000)
  object space 115200K, 23% used [0x00000006c0e00000,0x00000006c28512d0,0x00000006c7e80000)
 Metaspace       used 44543K, capacity 45296K, committed 45568K, reserved 1089536K
  class space    used 5372K, capacity 5552K, committed 5632K, reserved 1048576K
}
Event: 4.334 GC heap before
{Heap before GC invocations=9 (full 2):
 PSYoungGen      total 107008K, used 106996K [0x000000076af80000, 0x0000000773080000, 0x00000007c0000000)
  eden space 90112K, 100% used [0x000000076af80000,0x0000000770780000,0x0000000770780000)
  from space 16896K, 99% used [0x0000000771b00000,0x0000000772b7d3d8,0x0000000772b80000)
  to   space 19968K, 0% used [0x0000000770780000,0x0000000770780000,0x0000000771b00000)
 ParOldGen       total 115200K, used 26948K [0x00000006c0e00000, 0x00000006c7e80000, 0x000000076af80000)
  object space 115200K, 23% used [0x00000006c0e00000,0x00000006c28512d0,0x00000006c7e80000)
 Metaspace       used 45915K, capacity 46662K, committed 46976K, reserved 1091584K
  class space    used 5522K, capacity 5685K, committed 5760K, reserved 1048576K
Event: 4.362 GC heap after
Heap after GC invocations=9 (full 2):
 PSYoungGen      total 110080K, used 19967K [0x000000076af80000, 0x0000000776600000, 0x00000007c0000000)
  eden space 90112K, 0% used [0x000000076af80000,0x000000076af80000,0x0000000770780000)
  from space 19968K, 99% used [0x0000000770780000,0x0000000771afff58,0x0000000771b00000)
  to   space 27648K, 0% used [0x0000000774b00000,0x0000000774b00000,0x0000000776600000)
 ParOldGen       total 115200K, used 38156K [0x00000006c0e00000, 0x00000006c7e80000, 0x000000076af80000)
  object space 115200K, 33% used [0x00000006c0e00000,0x00000006c3343370,0x00000006c7e80000)
 Metaspace       used 45915K, capacity 46662K, committed 46976K, reserved 1091584K
  class space    used 5522K, capacity 5685K, committed 5760K, reserved 1048576K
}
Event: 5.872 GC heap before
{Heap before GC invocations=10 (full 2):
 PSYoungGen      total 110080K, used 110079K [0x000000076af80000, 0x0000000776600000, 0x00000007c0000000)
  eden space 90112K, 100% used [0x000000076af80000,0x0000000770780000,0x0000000770780000)
  from space 19968K, 99% used [0x0000000770780000,0x0000000771afff58,0x0000000771b00000)
  to   space 27648K, 0% used [0x0000000774b00000,0x0000000774b00000,0x0000000776600000)
 ParOldGen       total 115200K, used 38156K [0x00000006c0e00000, 0x00000006c7e80000, 0x000000076af80000)
  object space 115200K, 33% used [0x00000006c0e00000,0x00000006c3343370,0x00000006c7e80000)
 Metaspace       used 51391K, capacity 52288K, committed 52480K, reserved 1095680K
  class space    used 6171K, capacity 6384K, committed 6400K, reserved 1048576K
Event: 5.914 GC heap after
Heap after GC invocations=10 (full 2):
 PSYoungGen      total 154112K, used 27645K [0x000000076af80000, 0x0000000777100000, 0x00000007c0000000)
  eden space 126464K, 0% used [0x000000076af80000,0x000000076af80000,0x0000000772b00000)
  from space 27648K, 99% used [0x0000000774b00000,0x00000007765ff678,0x0000000776600000)
  to   space 32768K, 0% used [0x0000000772b00000,0x0000000772b00000,0x0000000774b00000)
 ParOldGen       total 115200K, used 42442K [0x00000006c0e00000, 0x00000006c7e80000, 0x000000076af80000)
  object space 115200K, 36% used [0x00000006c0e00000,0x00000006c3772a80,0x00000006c7e80000)
 Metaspace       used 51391K, capacity 52288K, committed 52480K, reserved 1095680K
  class space    used 6171K, capacity 6384K, committed 6400K, reserved 1048576K
}

Deoptimization events (10 events):
Event: 6.536 Thread 0x0000000003407000 Uncommon trap: reason=class_check action=maybe_recompile pc=0x0000000004a050d8 method=org.jetbrains.kotlin.parsing.KotlinParserDefinition.createElement(Lorg/jetbrains/kotlin/com/intellij/lang/ASTNode;)Lorg/jetbrains/kotlin/com/intellij/psi/PsiElement; @ 1
Event: 6.541 Thread 0x0000000003407000 Uncommon trap: reason=class_check action=maybe_recompile pc=0x0000000004a050d8 method=org.jetbrains.kotlin.parsing.KotlinParserDefinition.createElement(Lorg/jetbrains/kotlin/com/intellij/lang/ASTNode;)Lorg/jetbrains/kotlin/com/intellij/psi/PsiElement; @ 1
Event: 6.541 Thread 0x0000000003407000 Uncommon trap: reason=class_check action=maybe_recompile pc=0x0000000004a050d8 method=org.jetbrains.kotlin.parsing.KotlinParserDefinition.createElement(Lorg/jetbrains/kotlin/com/intellij/lang/ASTNode;)Lorg/jetbrains/kotlin/com/intellij/psi/PsiElement; @ 1
Event: 6.606 Thread 0x0000000003407000 Uncommon trap: reason=class_check action=maybe_recompile pc=0x0000000004e71580 method=org.jetbrains.kotlin.resolve.scopes.AbstractScopeAdapter.getContributedClassifier(Lorg/jetbrains/kotlin/name/Name;Lorg/jetbrains/kotlin/incremental/components/LookupLoca
Event: 6.608 Thread 0x0000000003407000 Uncommon trap: reason=class_check action=maybe_recompile pc=0x0000000005729960 method=org.jetbrains.kotlin.types.KotlinTypeFactory.computeMemberScope(Lorg/jetbrains/kotlin/types/TypeConstructor;Ljava/util/List;Lorg/jetbrains/kotlin/types/checker/KotlinTyp
Event: 6.609 Thread 0x0000000003407000 Uncommon trap: reason=class_check action=maybe_recompile pc=0x0000000005729960 method=org.jetbrains.kotlin.types.KotlinTypeFactory.computeMemberScope(Lorg/jetbrains/kotlin/types/TypeConstructor;Ljava/util/List;Lorg/jetbrains/kotlin/types/checker/KotlinTyp
Event: 6.609 Thread 0x0000000003407000 Uncommon trap: reason=class_check action=maybe_recompile pc=0x0000000005961f58 method=org.jetbrains.kotlin.types.checker.ClassicTypeSystemContext$DefaultImpls.getPrimitiveArrayType(Lorg/jetbrains/kotlin/types/checker/ClassicTypeSystemContext;Lorg/jetbrain
Event: 6.610 Thread 0x0000000003407000 Uncommon trap: reason=class_check action=maybe_recompile pc=0x0000000005961f58 method=org.jetbrains.kotlin.types.checker.ClassicTypeSystemContext$DefaultImpls.getPrimitiveArrayType(Lorg/jetbrains/kotlin/types/checker/ClassicTypeSystemContext;Lorg/jetbrain
Event: 6.610 Thread 0x0000000003407000 Uncommon trap: reason=class_check action=maybe_recompile pc=0x0000000005961f58 method=org.jetbrains.kotlin.types.checker.ClassicTypeSystemContext$DefaultImpls.getPrimitiveArrayType(Lorg/jetbrains/kotlin/types/checker/ClassicTypeSystemContext;Lorg/jetbrain
Event: 6.610 Thread 0x0000000003407000 Uncommon trap: reason=class_check action=maybe_recompile pc=0x0000000005961f58 method=org.jetbrains.kotlin.types.checker.ClassicTypeSystemContext$DefaultImpls.getPrimitiveArrayType(Lorg/jetbrains/kotlin/types/checker/ClassicTypeSystemContext;Lorg/jetbrain

Classes redefined (0 events):
No events

Internal exceptions (10 events):
Event: 6.363 Thread 0x0000000003407000 Exception <a 'java/lang/NoSuchMethodError': java.lang.Object.lambda$static$0(I)[Lorg/jetbrains/kotlin/com/intellij/psi/PsiTypeParameter;> (0x000000076be573b0) thrown at [C:\re\workspace\8-2-build-windows-amd64-cygwin\jdk8u201\12322\hotspot\src\share\vm\in
Event: 6.369 Thread 0x0000000003407000 Exception <a 'java/lang/NoSuchMethodError': java.lang.Object.lambda$static$0(I)[Lorg/jetbrains/kotlin/com/intellij/psi/PsiMethod;> (0x000000076bea9f78) thrown at [C:\re\workspace\8-2-build-windows-amd64-cygwin\jdk8u201\12322\hotspot\src\share\vm\interpret
Event: 6.371 Thread 0x0000000003407000 Exception <a 'java/lang/NoSuchMethodError': java.lang.Object.lambda$static$0(I)[Lorg/jetbrains/kotlin/com/intellij/psi/PsiField;> (0x000000076bebdbb8) thrown at [C:\re\workspace\8-2-build-windows-amd64-cygwin\jdk8u201\12322\hotspot\src\share\vm\interprete
Event: 6.381 Thread 0x0000000003407000 Exception <a 'java/lang/NoSuchMethodError': java.lang.Object.lambda$static$0(I)[Lorg/jetbrains/kotlin/com/intellij/psi/PsiJavaCodeReferenceElement;> (0x000000076bf33db0) thrown at [C:\re\workspace\8-2-build-windows-amd64-cygwin\jdk8u201\12322\hotspot\src\
Event: 6.429 Thread 0x0000000003407000 Exception <a 'java/lang/NoSuchMethodError': java.lang.Object.lambda$static$0()Lorg/jetbrains/kotlin/com/intellij/psi/PsiSubstitutor;> (0x000000076c2153a0) thrown at [C:\re\workspace\8-2-build-windows-amd64-cygwin\jdk8u201\12322\hotspot\src\share\vm\interp
Event: 6.458 Thread 0x0000000003407000 Exception <a 'java/lang/NoSuchMethodError': java.lang.Object.lambda$static$0(I)[Lorg/jetbrains/kotlin/com/intellij/psi/PsiImportStatementBase;> (0x000000076c457f60) thrown at [C:\re\workspace\8-2-build-windows-amd64-cygwin\jdk8u201\12322\hotspot\src\share
Event: 6.472 Thread 0x0000000003407000 Exception <a 'java/lang/NoSuchMethodError': java.lang.Object.lambda$comparing$ea9a8b3a$1(Ljava/util/Comparator;Ljava/util/function/Function;Ljava/lang/Object;Ljava/lang/Object;)I> (0x000000076c51a738) thrown at [C:\re\workspace\8-2-build-windows-amd64-cyg
Event: 6.473 Thread 0x0000000003407000 Exception <a 'java/lang/NoSuchMethodError': java.lang.Object.lambda$thenComparing$36697e65$1(Ljava/util/Comparator;Ljava/lang/Object;Ljava/lang/Object;)I> (0x000000076c522918) thrown at [C:\re\workspace\8-2-build-windows-amd64-cygwin\jdk8u201\12322\hotspo
Event: 6.478 Thread 0x0000000003407000 Exception <a 'java/lang/NoSuchMethodError': java.lang.Object.lambda$static$0(I)I> (0x000000076c534d70) thrown at [C:\re\workspace\8-2-build-windows-amd64-cygwin\jdk8u201\12322\hotspot\src\share\vm\interpreter\linkResolver.cpp, line 620]
Event: 6.511 Thread 0x0000000003407000 Implicit null exception at 0x0000000005a89b50 to 0x0000000005a89b7d

Events (10 events):
Event: 6.610 Thread 0x0000000003407000 DEOPT UNPACKING pc=0x000000000354583b sp=0x00000000033f86b8 mode 2
Event: 6.610 Thread 0x0000000003407000 Uncommon trap: trap_request=0xffffffde fr.pc=0x0000000005961f58
Event: 6.610 Thread 0x0000000003407000 DEOPT PACKING pc=0x0000000005961f58 sp=0x00000000033f8590
Event: 6.610 Thread 0x0000000003407000 DEOPT UNPACKING pc=0x000000000354583b sp=0x00000000033f8468 mode 2
Event: 6.610 loading class org/jetbrains/kotlin/load/java/SpecialBuiltinMembers$getOverriddenBuiltinWithDifferentJvmName$2
Event: 6.610 loading class org/jetbrains/kotlin/load/java/SpecialBuiltinMembers$getOverriddenBuiltinWithDifferentJvmName$2 done
Event: 6.610 loading class org/jetbrains/kotlin/load/java/BuiltinMethodsWithDifferentJvmName$isBuiltinFunctionWithDifferentNameInJvm$1
Event: 6.610 loading class org/jetbrains/kotlin/load/java/BuiltinMethodsWithDifferentJvmName$isBuiltinFunctionWithDifferentNameInJvm$1 done
Event: 6.620 loading class org/jetbrains/kotlin/types/expressions/AssignedVariablesSearcher$Writer
Event: 6.620 loading class org/jetbrains/kotlin/types/expressions/AssignedVariablesSearcher$Writer done


Dynamic libraries:
0x00007ff6306d0000 - 0x00007ff630707000 	D:\developmentKit\jdk\jre\bin\java.exe
0x00007ff84ac30000 - 0x00007ff84ae25000 	C:\WINDOWS\SYSTEM32\ntdll.dll
0x00007ff84a750000 - 0x00007ff84a80e000 	C:\WINDOWS\System32\KERNEL32.DLL
0x00007ff848350000 - 0x00007ff848618000 	C:\WINDOWS\System32\KERNELBASE.dll
0x00007ff848c80000 - 0x00007ff848d2c000 	C:\WINDOWS\System32\ADVAPI32.dll
0x00007ff84a9b0000 - 0x00007ff84aa4e000 	C:\WINDOWS\System32\msvcrt.dll
0x00007ff849060000 - 0x00007ff8490fb000 	C:\WINDOWS\System32\sechost.dll
0x00007ff849ee0000 - 0x00007ff84a00a000 	C:\WINDOWS\System32\RPCRT4.dll
0x00007ff849100000 - 0x00007ff8492a1000 	C:\WINDOWS\System32\USER32.dll
0x00007ff8489a0000 - 0x00007ff8489c2000 	C:\WINDOWS\System32\win32u.dll
0x00007ff849e20000 - 0x00007ff849e4b000 	C:\WINDOWS\System32\GDI32.dll
0x00007ff848b70000 - 0x00007ff848c7b000 	C:\WINDOWS\System32\gdi32full.dll
0x00007ff8487a0000 - 0x00007ff84883d000 	C:\WINDOWS\System32\msvcp_win.dll
0x00007ff848670000 - 0x00007ff848770000 	C:\WINDOWS\System32\ucrtbase.dll
0x00007ff8366a0000 - 0x00007ff83693a000 	C:\WINDOWS\WinSxS\amd64_microsoft.windows.common-controls_6595b64144ccf1df_6.0.19041.1110_none_60b5254171f9507e\COMCTL32.dll
0x00007ff848ef0000 - 0x00007ff848f20000 	C:\WINDOWS\System32\IMM32.DLL
0x0000000064150000 - 0x0000000064221000 	D:\developmentKit\jdk\jre\bin\msvcr100.dll
0x00000000638a0000 - 0x0000000064144000 	D:\developmentKit\jdk\jre\bin\server\jvm.dll
0x00007ff849320000 - 0x00007ff849328000 	C:\WINDOWS\System32\PSAPI.DLL
0x00007ff83d6f0000 - 0x00007ff83d6f9000 	C:\WINDOWS\SYSTEM32\WSOCK32.dll
0x00007ff83df50000 - 0x00007ff83df77000 	C:\WINDOWS\SYSTEM32\WINMM.dll
0x00007ff847ed0000 - 0x00007ff847eda000 	C:\WINDOWS\SYSTEM32\VERSION.dll
0x00007ff8492b0000 - 0x00007ff84931b000 	C:\WINDOWS\System32\WS2_32.dll
0x00007ff833180000 - 0x00007ff83318f000 	D:\developmentKit\jdk\jre\bin\verify.dll
0x00007ff831de0000 - 0x00007ff831e09000 	D:\developmentKit\jdk\jre\bin\java.dll
0x00007ff82e8e0000 - 0x00007ff82e8f6000 	D:\developmentKit\jdk\jre\bin\zip.dll
0x00007ff84a010000 - 0x00007ff84a74f000 	C:\WINDOWS\System32\SHELL32.dll
0x00007ff846400000 - 0x00007ff846b90000 	C:\WINDOWS\SYSTEM32\windows.storage.dll
0x00007ff849330000 - 0x00007ff849685000 	C:\WINDOWS\System32\combase.dll
0x00007ff847d30000 - 0x00007ff847d5e000 	C:\WINDOWS\SYSTEM32\Wldp.dll
0x00007ff849690000 - 0x00007ff84973d000 	C:\WINDOWS\System32\SHCORE.dll
0x00007ff84aa50000 - 0x00007ff84aaa5000 	C:\WINDOWS\System32\shlwapi.dll
0x00007ff848290000 - 0x00007ff8482af000 	C:\WINDOWS\SYSTEM32\profapi.dll
0x00007ff82e530000 - 0x00007ff82e54a000 	D:\developmentKit\jdk\jre\bin\net.dll
0x00007ff8382e0000 - 0x00007ff8384cb000 	C:\WINDOWS\SYSTEM32\urlmon.dll
0x00007ff838d20000 - 0x00007ff838fd0000 	C:\WINDOWS\SYSTEM32\iertutil.dll
0x00007ff838130000 - 0x00007ff838158000 	C:\WINDOWS\SYSTEM32\srvcli.dll
0x00007ff847770000 - 0x00007ff84777c000 	C:\WINDOWS\SYSTEM32\netutils.dll
0x00007ff847a90000 - 0x00007ff847afa000 	C:\WINDOWS\system32\mswsock.dll
0x00007ff82b0d0000 - 0x00007ff82b0e1000 	D:\developmentKit\jdk\jre\bin\nio.dll

VM Arguments:
java_command: org.jetbrains.kotlin.cli.jvm.K2JVMCompiler @D:\working_workspace\waterproof_project\6.code\newWaterproofApp\node_modules\react-native-screens\android\build\20211213_7778791277926559746.compiler.options
java_class_path (initial): C:\Users\hy\.gradle\caches\modules-2\files-2.1\org.jetbrains.kotlin\kotlin-compiler-embeddable\1.4.10\38c4b99d5d5362debdd9302a866730379aa2328a\kotlin-compiler-embeddable-1.4.10.jar;C:\Users\hy\.gradle\caches\modules-2\files-2.1\org.jetbrains.kotlin\kotlin-reflect\1.4.10\e2b3c6695eee6085e606d96d685396dce23a3a06\kotlin-reflect-1.4.10.jar;C:\Users\hy\.gradle\caches\modules-2\files-2.1\org.jetbrains.kotlin\kotlin-stdlib\1.4.10\ea29e063d2bbe695be13e9d044dcfb0c7add398e\kotlin-stdlib-1.4.10.jar;C:\Users\hy\.gradle\caches\modules-2\files-2.1\org.jetbrains.kotlin\kotlin-script-runtime\1.4.10\7c19d9c2001e016cd7664cebe9eea66fc04a7f4f\kotlin-script-runtime-1.4.10.jar;C:\Users\hy\.gradle\caches\modules-2\files-2.1\org.jetbrains.kotlin\kotlin-daemon-embeddable\1.4.10\dbd67f42bed28043d17d7c860b06110a00a45970\kotlin-daemon-embeddable-1.4.10.jar;C:\Users\hy\.gradle\caches\modules-2\files-2.1\org.jetbrains.intellij.deps\trove4j\1.0.20181211\216c2e14b070f334479d800987affe4054cd563f\trove4j-1.0.20181211.jar;C:\Users\hy\.gradle\caches\modules-2\files-2.1\org.jetbrains.kotlin\kotlin-stdlib-common\1.4.10\6229be3465805c99db1142ad75e6c6ddeac0b04c\kotlin-stdlib-common-1.4.10.jar;C:\Users\hy\.gradle\caches\modules-2\files-2.1\org.jetbrains\annotations\13.0\919f0dfe192fb4e063e7dacadee7f8bb9a2672a9\annotations-13.0.jar;D:\developmentKit\jdk\lib\tools.jar
Launcher Type: SUN_STANDARD

Environment Variables:
JAVA_HOME=D:\developmentKit\jdk
CLASSPATH=D:\working_workspace\waterproof_project\6.code\newWaterproofApp\android\\gradle\wrapper\gradle-wrapper.jar
PATH=D:\working_workspace\waterproof_project\6.code\newWaterproofApp\android\node_modules\.bin;D:\working_workspace\waterproof_project\6.code\newWaterproofApp\node_modules\.bin;D:\working_workspace\waterproof_project\6.code\node_modules\.bin;D:\working_workspace\waterproof_project\node_modules\.bin;D:\working_workspace\node_modules\.bin;D:\node_modules\.bin;C:\Program Files\nodejs;C:\Users\hy\AppData\Local\Temp\yarn--1639364597111-0.8487811320093792;D:\working_workspace\waterproof_project\6.code\newWaterproofApp\node_modules\.bin;C:\Users\hy\AppData\Local\Yarn\Data\link\node_modules\.bin;C:\Users\hy\AppData\Local\Yarn\bin;C:\Program Files\libexec\lib\node_modules\npm\bin\node-gyp-bin;C:\Program Files\lib\node_modules\npm\bin\node-gyp-bin;C:\Program Files\nodejs\node_modules\npm\bin\node-gyp-bin;C:\Program Files (x86)\Common Files\Oracle\Java\javapath;C:\WINDOWS\system32;C:\WINDOWS;C:\WINDOWS\System32\Wbem;C:\WINDOWS\System32\WindowsPowerShell\v1.0\;C:\devTool\maven\bin\;node_modules\npm\node_modules\;C:\Users\hy\AppData\Local\Android\Sdk\platform-tools\;C:\Users\hy\AppData\Local\Android\Sdk\emulator\;C:\Users\hy\AppData\Local\Android\Sdk\tools\;C:\Users\hy\AppData\Local\Android\Sdk\tools\bin\;C:\WINDOWS\System32\OpenSSH\;D:\developmentKit\jdk\bin;D:\developmentKit\jdk\jre\bin;C:\Users\hy\AppData\Roaming\nvm;C:\Program Files\nodejs;C:\Program Files\nodejs\node.exe;C:\Program Files (x86)\Groovy\bin;D:\developmentKit\gradle-4.4.1-all\gradle-4.4.1\bin\bin;D:\developmentKit\Git\cmd;D:\Python2.7;C:\Program Files\nodejs\;C:\ProgramData\chocolatey\bin;D:\developmentKit\mingw64\bin;C:\Program Files (x86)\IncrediBuild;C:\Users\hy\AppData\Local\Microsoft\WindowsApps;D:\360Downloads\Software\IntelliJIDEA\bin;;D:\developmentKit\IntelliJ_IDEA\bin;;C:\Users\hy\AppData\Roaming\nvm;C:\Program Files\nodejs;D:\software\Microsoft VS Code\bin;C:\Users\hy\AppData\Roaming\npm;;D:\software\CLion 2019.1\bin;;D:\software\WebStorm 2021.2.1\bin;
USERNAME=hy
OS=Windows_NT
PROCESSOR_IDENTIFIER=Intel64 Family 6 Model 165 Stepping 5, GenuineIntel



---------------  S Y S T E M  ---------------

OS: Windows 10.0 , 64 bit Build 19041 (10.0.19041.1348)

CPU:total 16 (initial active 16) (8 cores per cpu, 2 threads per core) family 6 model 165 stepping 5, cmov, cx8, fxsr, mmx, sse, sse2, sse3, ssse3, sse4.1, sse4.2, popcnt, avx, avx2, aes, clmul, erms, 3dnowpref, lzcnt, ht, tsc, tscinvbit, bmi1, bmi2, adx

Memory: 4k page, physical 16713740k(615516k free), swap 61978380k(5152k free)

vm_info: Java HotSpot(TM) 64-Bit Server VM (25.201-b09) for windows-amd64 JRE (1.8.0_201-b09), built on Dec 15 2018 18:36:39 by "java_re" with MS VC++ 10.0 (VS2010)

time: Mon Dec 13 11:04:08 2021
timezone: 中国标准时间
elapsed time: 6 seconds (0d 0h 0m 6s)

